<?xml version="1.0" encoding="UTF-8"?>
<!-- Generated by org.testng.reporters.JUnitReportReporter -->
<testsuite hostname="DESKTOP-HNEEH8I" failures="0" tests="1" name="testscripts.regression.ValidateLoginUsingExcelWithDataProvider2" time="16.879" errors="0" timestamp="2023-07-31T17:43:35 IST" skipped="0">
  <testcase classname="testscripts.regression.ValidateLoginUsingExcelWithDataProvider2" name="StringteLoginTest1" time="16.879"/>
  <system-out/>
</testsuite> <!-- testscripts.regression.ValidateLoginUsingExcelWithDataProvider2 -->
